[10:19:03] [Client thread/INFO]: Setting user: johnfg10
[10:19:07] [Client thread/WARN]: Skipping bad option: lastServer:
[10:19:07] [Client thread/INFO]: LWJGL Version: 2.9.4
[10:19:29] [Client thread/INFO]: Reloading ResourceManager: BetterFps, Default, FMLFileResourcePack:Forge Mod Loader, FMLFileResourcePack:Minecraft Forge, FMLFileResourcePack:AgriCraft, FMLFileResourcePack:AppleCore, FMLFileResourcePack:AppleSkin, FMLFileResourcePack:Apple Trees, FMLFileResourcePack:Ars Magica 2, FMLFileResourcePack:AnimationAPI, FMLFileResourcePack:Alternate Terrain Generation, FMLFileResourcePack:AutoRegLib, FMLFileResourcePack:Baubles, FMLFileResourcePack:BiblioCraft, FMLFileResourcePack:Blood Magic: Alchemical Wizardry, FMLFileResourcePack:Botania, FMLFileResourcePack:MrCrayfish's Furniture Mod, FMLFileResourcePack:Chameleon, FMLFileResourcePack:Chisel, FMLFileResourcePack:Chisels & Bits, FMLFileResourcePack:Chunk Animator, FMLFileResourcePack:Clay Soldiers Mod, FMLFileResourcePack:CodeChicken Core, FMLFileResourcePack:CodeChicken Lib, FMLFileResourcePack:ccl-entityhook, FMLFileResourcePack:CoFH Core, FMLFileResourcePack:Cooking for Blockheads, FMLFileResourcePack:Coral Reef, FMLFileResourcePack:CT-GUI, FMLFileResourcePack:MineTweaker 3, FMLFileResourcePack:CraftTweaker JEI Support, FMLFileResourcePack:CreativeCore, FMLFileResourcePack:Davinci's Vessels, FMLFileResourcePack:PTRModelLib, FMLFileResourcePack:Decocraft, FMLFileResourcePack:Ancient Trees, FMLFileResourcePack:Drawers & Bits, FMLFileResourcePack:DrCyano's Lootable Bodies, FMLFileResourcePack:Elevator Mod, FMLFileResourcePack:EnderCore, FMLFileResourcePack:Ender IO, FMLFileResourcePack:EZStorage 2, FMLFileResourcePack:Fast Leave Decay, FMLFileResourcePack:Flat Colored Blocks, FMLFileResourcePack:FoamFix, FMLFileResourcePack:Forestry, FMLFileResourcePack:Forgelin, FMLFileResourcePack:Forge Microblocks, FMLFileResourcePack:Forge Multipart CBE, FMLFileResourcePack:Minecraft Multipart Plugin, FMLFileResourcePack:FTBLib, FMLFileResourcePack:Funky Locomotion, FMLFileResourcePack:Gravestone, FMLFileResourcePack:Guide-API, FMLFileResourcePack:Hammer Core, FMLFileResourcePack:HideNames, FMLFileResourcePack:iChunUtil, FMLFileResourcePack:Immersive Engineering, FMLFileResourcePack:InfinityLib, FMLFileResourcePack:Inventory Tweaks, FMLFileResourcePack:Iron Chest, FMLFileResourcePack:Just Enough Items, FMLFileResourcePack:JourneyMap, FMLFileResourcePack:Kore Sample, FMLFileResourcePack:Literal Ascension, FMLFileResourcePack:LLibrary, FMLFileResourcePack:MalisisCore, FMLFileResourcePack:MalisisDoors, FMLFileResourcePack:Mantle, FMLFileResourcePack:MCMultiPart, FMLFileResourcePack:Mekanism, FMLFileResourcePack:MekanismGenerators, FMLFileResourcePack:MekanismTools, FMLFileResourcePack:MmmMmmMmmMmm, FMLFileResourcePack:MobDismemberment, FMLFileResourcePack:mob_grinding_utils, FMLFileResourcePack:Mod Tweaker, FMLFileResourcePack:Morpheus, FMLFileResourcePack:Moving World, FMLFileResourcePack:MrTJPCore, FMLFileResourcePack:MTLib, FMLFileResourcePack:Natura, FMLFileResourcePack:OMLib, FMLFileResourcePack:Open Glider, FMLFileResourcePack:Open Modular Turrets, FMLFileResourcePack:Pam's HarvestCraft, FMLFileResourcePack:ProjectRed Core, FMLFileResourcePack:ProjectRed integration, FMLFileResourcePack:ProjectRed Transmission, FMLFileResourcePack:ProjectRed Illumination, FMLFileResourcePack:ProjectRed Expansion, FMLFileResourcePack:projectred-tansportation, FMLFileResourcePack:ProjectRed Exploration, FMLFileResourcePack:Quark, FMLFileResourcePack:Railcraft Cosmetic Additions, FMLFileResourcePack:Railcraft, FMLFileResourcePack:Random Things, FMLFileResourcePack:Recurrent Complex, FMLFileResourcePack:SanAndreasPs Mod Library, FMLFileResourcePack:SanAndreasPs Player Model, FMLFileResourcePack:Signals, FMLFileResourcePack:Solar Flux Reborn, FMLFileResourcePack:Soul Shards - The Old Ways, FMLFileResourcePack:The Spice of Life, FMLFileResourcePack:stacksonstacks, FMLFileResourcePack:Steve's Carts 2, FMLFileResourcePack:Storage Drawers, FMLFileResourcePack:Storage Drawers Extras, FMLFileResourcePack:Subaraki's Common Library, FMLFileResourcePack:Super Circuit Maker, FMLFileResourcePack:Tinkers' Construct, FMLFileResourcePack:Telepads, FMLFileResourcePack:Thermal Expansion, FMLFileResourcePack:Thermal Foundation, FMLFileResourcePack:Title Changer, FMLFileResourcePack:Underground Biomes, FMLFileResourcePack:Waddles, FMLFileResourcePack:WirelessRedstone-CBE, FMLFileResourcePack:Xtones, FMLFileResourcePack:YABBA
[10:20:24] [Client thread/WARN]: File minecraft:sounds/tock4.ogg does not exist, cannot add it to event bibliocraft:tock
[10:20:24] [Client thread/WARN]: File minecraft:sounds/gearswitch.ogg does not exist, cannot add it to event stevescarts:gearswitch
[10:20:24] [Client thread/WARN]: File minecraft:sounds/win.ogg does not exist, cannot add it to event stevescarts:win
[10:20:24] [Client thread/WARN]: File minecraft:sounds/boop1.ogg does not exist, cannot add it to event stevescarts:boop
[10:20:24] [Client thread/WARN]: File minecraft:sounds/boop2.ogg does not exist, cannot add it to event stevescarts:boop
[10:20:24] [Client thread/WARN]: File minecraft:sounds/boop3.ogg does not exist, cannot add it to event stevescarts:boop
[10:20:24] [Client thread/WARN]: File minecraft:sounds/gameover.ogg does not exist, cannot add it to event stevescarts:gameover
[10:20:24] [Client thread/WARN]: File minecraft:sounds/1lines.ogg does not exist, cannot add it to event stevescarts:1lines
[10:20:24] [Client thread/WARN]: File minecraft:sounds/2lines.ogg does not exist, cannot add it to event stevescarts:2lines
[10:20:24] [Client thread/WARN]: File minecraft:sounds/3lines.ogg does not exist, cannot add it to event stevescarts:3lines
[10:20:24] [Client thread/WARN]: File minecraft:sounds/4lines.ogg does not exist, cannot add it to event stevescarts:4lines
[10:20:24] [Client thread/WARN]: File minecraft:sounds/highscore.ogg does not exist, cannot add it to event stevescarts:highscore
[10:20:24] [Client thread/WARN]: File minecraft:sounds/hit.ogg does not exist, cannot add it to event stevescarts:hit
[10:20:24] [Client thread/WARN]: File minecraft:sounds/click.ogg does not exist, cannot add it to event stevescarts:click
[10:20:24] [Client thread/WARN]: File minecraft:sounds/blobclick.ogg does not exist, cannot add it to event stevescarts:blobclick
[10:20:24] [Client thread/WARN]: File minecraft:sounds/flagclick.ogg does not exist, cannot add it to event stevescarts:flagclick
[10:20:24] [Client thread/WARN]: File minecraft:sounds/goodjob.ogg does not exist, cannot add it to event stevescarts:goodjob
[10:20:24] [Client thread/WARN]: Missing sound for event: arsmagica2:mob.airguardian.hit
[10:20:24] [Client thread/WARN]: Missing sound for event: arsmagica2:mob.airguardian.death
[10:20:24] [Client thread/WARN]: Missing sound for event: arsmagica2:mob.airguardian.idle
[10:20:24] [Client thread/WARN]: Missing sound for event: arsmagica2:mob.lightningguardian.attack_static
[10:20:24] [Client thread/WARN]: Missing sound for event: arsmagica2:mob.winterguardian.launcharm
[10:20:24] [Client thread/WARN]: Missing sound for event: arsmagica2:mob.waterguardian.hit
[10:20:24] [Client thread/WARN]: Missing sound for event: arsmagica2:mob.waterguardian.attack
[10:20:24] [Client thread/WARN]: Missing sound for event: arsmagica2:mob.manaelemental.hit
[10:20:24] [Client thread/WARN]: Missing sound for event: arsmagica2:mob.manaelemental.living
[10:20:24] [Client thread/WARN]: Missing sound for event: arsmagica2:mob.manaelemental.death
[10:20:24] [Sound Library Loader/INFO]: Starting up SoundSystem...
[10:20:24] [Thread-13/INFO]: Initializing LWJGL OpenAL
[10:20:24] [Thread-13/INFO]: (The LWJGL binding of OpenAL.  For more information, see http://www.lwjgl.org)
[10:20:24] [Thread-13/INFO]: OpenAL initialized.
[10:20:25] [Sound Library Loader/INFO]: Sound engine started
[10:20:42] [Client thread/WARN]: Unable to resolve texture due to upward reference: #tex in yabba:models/item/upgrade_base
[10:20:42] [Client thread/INFO]: Created: 16x16 textures-atlas
[10:21:27] [Client thread/INFO]: Reloading ResourceManager: BetterFps, Default, FMLFileResourcePack:Forge Mod Loader, FMLFileResourcePack:Minecraft Forge, FMLFileResourcePack:AgriCraft, FMLFileResourcePack:AppleCore, FMLFileResourcePack:AppleSkin, FMLFileResourcePack:Apple Trees, FMLFileResourcePack:Ars Magica 2, FMLFileResourcePack:AnimationAPI, FMLFileResourcePack:Alternate Terrain Generation, FMLFileResourcePack:AutoRegLib, FMLFileResourcePack:Baubles, FMLFileResourcePack:BiblioCraft, FMLFileResourcePack:Blood Magic: Alchemical Wizardry, FMLFileResourcePack:Botania, FMLFileResourcePack:MrCrayfish's Furniture Mod, FMLFileResourcePack:Chameleon, FMLFileResourcePack:Chisel, FMLFileResourcePack:Chisels & Bits, FMLFileResourcePack:Chunk Animator, FMLFileResourcePack:Clay Soldiers Mod, FMLFileResourcePack:CodeChicken Core, FMLFileResourcePack:CodeChicken Lib, FMLFileResourcePack:ccl-entityhook, FMLFileResourcePack:CoFH Core, FMLFileResourcePack:Cooking for Blockheads, FMLFileResourcePack:Coral Reef, FMLFileResourcePack:CT-GUI, FMLFileResourcePack:MineTweaker 3, FMLFileResourcePack:CraftTweaker JEI Support, FMLFileResourcePack:CreativeCore, FMLFileResourcePack:Davinci's Vessels, FMLFileResourcePack:PTRModelLib, FMLFileResourcePack:Decocraft, FMLFileResourcePack:Ancient Trees, FMLFileResourcePack:Drawers & Bits, FMLFileResourcePack:DrCyano's Lootable Bodies, FMLFileResourcePack:Elevator Mod, FMLFileResourcePack:EnderCore, FMLFileResourcePack:Ender IO, FMLFileResourcePack:EZStorage 2, FMLFileResourcePack:Fast Leave Decay, FMLFileResourcePack:Flat Colored Blocks, FMLFileResourcePack:FoamFix, FMLFileResourcePack:Forestry, FMLFileResourcePack:Forgelin, FMLFileResourcePack:Forge Microblocks, FMLFileResourcePack:Forge Multipart CBE, FMLFileResourcePack:Minecraft Multipart Plugin, FMLFileResourcePack:FTBLib, FMLFileResourcePack:Funky Locomotion, FMLFileResourcePack:Gravestone, FMLFileResourcePack:Guide-API, FMLFileResourcePack:Hammer Core, FMLFileResourcePack:HideNames, FMLFileResourcePack:iChunUtil, FMLFileResourcePack:Immersive Engineering, FMLFileResourcePack:InfinityLib, FMLFileResourcePack:Inventory Tweaks, FMLFileResourcePack:Iron Chest, FMLFileResourcePack:Just Enough Items, FMLFileResourcePack:JourneyMap, FMLFileResourcePack:Kore Sample, FMLFileResourcePack:Literal Ascension, FMLFileResourcePack:LLibrary, FMLFileResourcePack:MalisisCore, FMLFileResourcePack:MalisisDoors, FMLFileResourcePack:Mantle, FMLFileResourcePack:MCMultiPart, FMLFileResourcePack:Mekanism, FMLFileResourcePack:MekanismGenerators, FMLFileResourcePack:MekanismTools, FMLFileResourcePack:MmmMmmMmmMmm, FMLFileResourcePack:MobDismemberment, FMLFileResourcePack:mob_grinding_utils, FMLFileResourcePack:Mod Tweaker, FMLFileResourcePack:Morpheus, FMLFileResourcePack:Moving World, FMLFileResourcePack:MrTJPCore, FMLFileResourcePack:MTLib, FMLFileResourcePack:Natura, FMLFileResourcePack:OMLib, FMLFileResourcePack:Open Glider, FMLFileResourcePack:Open Modular Turrets, FMLFileResourcePack:Pam's HarvestCraft, FMLFileResourcePack:ProjectRed Core, FMLFileResourcePack:ProjectRed integration, FMLFileResourcePack:ProjectRed Transmission, FMLFileResourcePack:ProjectRed Illumination, FMLFileResourcePack:ProjectRed Expansion, FMLFileResourcePack:projectred-tansportation, FMLFileResourcePack:ProjectRed Exploration, FMLFileResourcePack:Quark, FMLFileResourcePack:Railcraft Cosmetic Additions, FMLFileResourcePack:Railcraft, FMLFileResourcePack:Random Things, FMLFileResourcePack:Recurrent Complex, FMLFileResourcePack:SanAndreasPs Mod Library, FMLFileResourcePack:SanAndreasPs Player Model, FMLFileResourcePack:Signals, FMLFileResourcePack:Solar Flux Reborn, FMLFileResourcePack:Soul Shards - The Old Ways, FMLFileResourcePack:The Spice of Life, FMLFileResourcePack:stacksonstacks, FMLFileResourcePack:Steve's Carts 2, FMLFileResourcePack:Storage Drawers, FMLFileResourcePack:Storage Drawers Extras, FMLFileResourcePack:Subaraki's Common Library, FMLFileResourcePack:Super Circuit Maker, FMLFileResourcePack:Tinkers' Construct, FMLFileResourcePack:Telepads, FMLFileResourcePack:Thermal Expansion, FMLFileResourcePack:Thermal Foundation, FMLFileResourcePack:Title Changer, FMLFileResourcePack:Underground Biomes, FMLFileResourcePack:Waddles, FMLFileResourcePack:WirelessRedstone-CBE, FMLFileResourcePack:Xtones, FMLFileResourcePack:YABBA, quark-texture-proxy
[10:21:35] [Client thread/WARN]: File minecraft:sounds/tock4.ogg does not exist, cannot add it to event bibliocraft:tock
[10:21:35] [Client thread/WARN]: File minecraft:sounds/gearswitch.ogg does not exist, cannot add it to event stevescarts:gearswitch
[10:21:35] [Client thread/WARN]: File minecraft:sounds/win.ogg does not exist, cannot add it to event stevescarts:win
[10:21:35] [Client thread/WARN]: File minecraft:sounds/boop1.ogg does not exist, cannot add it to event stevescarts:boop
[10:21:35] [Client thread/WARN]: File minecraft:sounds/boop2.ogg does not exist, cannot add it to event stevescarts:boop
[10:21:35] [Client thread/WARN]: File minecraft:sounds/boop3.ogg does not exist, cannot add it to event stevescarts:boop
[10:21:35] [Client thread/WARN]: File minecraft:sounds/gameover.ogg does not exist, cannot add it to event stevescarts:gameover
[10:21:35] [Client thread/WARN]: File minecraft:sounds/1lines.ogg does not exist, cannot add it to event stevescarts:1lines
[10:21:35] [Client thread/WARN]: File minecraft:sounds/2lines.ogg does not exist, cannot add it to event stevescarts:2lines
[10:21:35] [Client thread/WARN]: File minecraft:sounds/3lines.ogg does not exist, cannot add it to event stevescarts:3lines
[10:21:35] [Client thread/WARN]: File minecraft:sounds/4lines.ogg does not exist, cannot add it to event stevescarts:4lines
[10:21:35] [Client thread/WARN]: File minecraft:sounds/highscore.ogg does not exist, cannot add it to event stevescarts:highscore
[10:21:35] [Client thread/WARN]: File minecraft:sounds/hit.ogg does not exist, cannot add it to event stevescarts:hit
[10:21:35] [Client thread/WARN]: File minecraft:sounds/click.ogg does not exist, cannot add it to event stevescarts:click
[10:21:35] [Client thread/WARN]: File minecraft:sounds/blobclick.ogg does not exist, cannot add it to event stevescarts:blobclick
[10:21:35] [Client thread/WARN]: File minecraft:sounds/flagclick.ogg does not exist, cannot add it to event stevescarts:flagclick
[10:21:35] [Client thread/WARN]: File minecraft:sounds/goodjob.ogg does not exist, cannot add it to event stevescarts:goodjob
[10:21:35] [Client thread/WARN]: Missing sound for event: arsmagica2:mob.airguardian.hit
[10:21:35] [Client thread/WARN]: Missing sound for event: arsmagica2:mob.airguardian.death
[10:21:35] [Client thread/WARN]: Missing sound for event: arsmagica2:mob.airguardian.idle
[10:21:35] [Client thread/WARN]: Missing sound for event: arsmagica2:mob.lightningguardian.attack_static
[10:21:35] [Client thread/WARN]: Missing sound for event: arsmagica2:mob.winterguardian.launcharm
[10:21:35] [Client thread/WARN]: Missing sound for event: arsmagica2:mob.waterguardian.hit
[10:21:35] [Client thread/WARN]: Missing sound for event: arsmagica2:mob.waterguardian.attack
[10:21:35] [Client thread/WARN]: Missing sound for event: arsmagica2:mob.manaelemental.hit
[10:21:35] [Client thread/WARN]: Missing sound for event: arsmagica2:mob.manaelemental.living
[10:21:35] [Client thread/WARN]: Missing sound for event: arsmagica2:mob.manaelemental.death
[10:21:35] [Client thread/INFO]: SoundSystem shutting down...
[10:21:35] [Client thread/WARN]: Author: Paul Lamb, www.paulscode.com
[10:21:35] [Sound Library Loader/INFO]: Starting up SoundSystem...
[10:21:35] [Thread-23/INFO]: Initializing LWJGL OpenAL
[10:21:35] [Thread-23/INFO]: (The LWJGL binding of OpenAL.  For more information, see http://www.lwjgl.org)
[10:21:35] [Thread-23/INFO]: OpenAL initialized.
[10:21:36] [Sound Library Loader/INFO]: Sound engine started
[10:21:47] [Client thread/WARN]: Unable to resolve texture due to upward reference: #tex in yabba:models/item/upgrade_base
[10:21:48] [Client thread/WARN]: Texture arsmagica2:textures/items/high_essence_core.png with size 34x34 will have visual artifacts at mip level 4, it can only support level 1. Please report to the mod author that the texture should be some multiple of 16x16.
[10:21:52] [Client thread/WARN]: Texture mekanism:textures/blocks/models/multipart/opaque/UniversalCableVerticalBasic.png with size 24x24 will have visual artifacts at mip level 4, it can only support level 3. Please report to the mod author that the texture should be some multiple of 16x16.
[10:21:54] [Client thread/WARN]: Texture arsmagica2:textures/items/workbenchUpgrade.png with size 34x34 will have visual artifacts at mip level 4, it can only support level 1. Please report to the mod author that the texture should be some multiple of 16x16.
[10:21:55] [Client thread/WARN]: Texture arsmagica2:textures/items/particles/rotating_rings.png with size 60x60 will have visual artifacts at mip level 4, it can only support level 2. Please report to the mod author that the texture should be some multiple of 16x16.
[10:21:56] [Client thread/WARN]: Texture arsmagica2:textures/gui_icons/Mana_Bar.png with size 219x219 will have visual artifacts at mip level 4, it can only support level 0. Please report to the mod author that the texture should be some multiple of 16x16.
[10:21:56] [Client thread/WARN]: Texture mekanism:textures/blocks/models/multipart/opaque/ThermodynamicConductorVerticalElite.png with size 24x24 will have visual artifacts at mip level 4, it can only support level 3. Please report to the mod author that the texture should be some multiple of 16x16.
[10:21:56] [Client thread/WARN]: Texture mekanism:textures/blocks/models/multipart/opaque/UniversalCableVerticalAdvanced.png with size 24x24 will have visual artifacts at mip level 4, it can only support level 3. Please report to the mod author that the texture should be some multiple of 16x16.
[10:21:56] [Client thread/WARN]: Texture arsmagica2:textures/items/particles/ghost.png with size 280x280 will have visual artifacts at mip level 4, it can only support level 3. Please report to the mod author that the texture should be some multiple of 16x16.
[10:21:57] [Client thread/WARN]: Texture arsmagica2:textures/items/particles/leaf.png with size 8x8 will have visual artifacts at mip level 4, it can only support level 3. Please report to the mod author that the texture should be some multiple of 16x16.
[10:21:57] [Client thread/WARN]: Texture mekanism:textures/blocks/models/multipart/opaque/ThermodynamicConductorVerticalAdvanced.png with size 24x24 will have visual artifacts at mip level 4, it can only support level 3. Please report to the mod author that the texture should be some multiple of 16x16.
[10:21:58] [Client thread/WARN]: Texture arsmagica2:textures/items/pure_essence.png with size 34x34 will have visual artifacts at mip level 4, it can only support level 1. Please report to the mod author that the texture should be some multiple of 16x16.
[10:21:59] [Client thread/WARN]: Texture arsmagica2:textures/items/particles/pulse.png with size 40x40 will have visual artifacts at mip level 4, it can only support level 3. Please report to the mod author that the texture should be some multiple of 16x16.
[10:22:00] [Client thread/WARN]: Texture arsmagica2:textures/items/particles/witchwood_leaf.png with size 8x8 will have visual artifacts at mip level 4, it can only support level 3. Please report to the mod author that the texture should be some multiple of 16x16.
[10:22:00] [Client thread/WARN]: Texture arsmagica2:textures/items/spell_parchment.png with size 34x34 will have visual artifacts at mip level 4, it can only support level 1. Please report to the mod author that the texture should be some multiple of 16x16.
[10:22:01] [Client thread/WARN]: Texture mekanism:textures/blocks/models/multipart/opaque/PressurizedTubeVerticalElite.png with size 24x24 will have visual artifacts at mip level 4, it can only support level 3. Please report to the mod author that the texture should be some multiple of 16x16.
[10:22:01] [Client thread/WARN]: Texture mekanism:textures/blocks/models/multipart/opaque/PressurizedTubeVerticalUltimate.png with size 24x24 will have visual artifacts at mip level 4, it can only support level 3. Please report to the mod author that the texture should be some multiple of 16x16.
[10:22:02] [Client thread/WARN]: Texture arsmagica2:textures/items/particles/water_ball.png with size 420x420 will have visual artifacts at mip level 4, it can only support level 2. Please report to the mod author that the texture should be some multiple of 16x16.
[10:22:03] [Client thread/WARN]: Texture mekanism:textures/blocks/models/multipart/opaque/ThermodynamicConductorVerticalBasic.png with size 24x24 will have visual artifacts at mip level 4, it can only support level 3. Please report to the mod author that the texture should be some multiple of 16x16.
[10:22:03] [Client thread/WARN]: Texture arsmagica2:textures/items/hellcowhorn.png with size 34x34 will have visual artifacts at mip level 4, it can only support level 1. Please report to the mod author that the texture should be some multiple of 16x16.
[10:22:04] [Client thread/WARN]: Texture bibliocraft:textures/models/inkplate1.png with size 8x8 will have visual artifacts at mip level 4, it can only support level 3. Please report to the mod author that the texture should be some multiple of 16x16.
[10:22:04] [Client thread/WARN]: Texture bibliocraft:textures/models/inkplate0.png with size 8x8 will have visual artifacts at mip level 4, it can only support level 3. Please report to the mod author that the texture should be some multiple of 16x16.
[10:22:04] [Client thread/WARN]: Texture bibliocraft:textures/models/inkplate3.png with size 8x8 will have visual artifacts at mip level 4, it can only support level 3. Please report to the mod author that the texture should be some multiple of 16x16.
[10:22:04] [Client thread/WARN]: Texture bibliocraft:textures/models/inkplate2.png with size 8x8 will have visual artifacts at mip level 4, it can only support level 3. Please report to the mod author that the texture should be some multiple of 16x16.
[10:22:04] [Client thread/WARN]: Texture bibliocraft:textures/models/inkplate8.png with size 8x8 will have visual artifacts at mip level 4, it can only support level 3. Please report to the mod author that the texture should be some multiple of 16x16.
[10:22:04] [Client thread/WARN]: Texture bibliocraft:textures/models/inkplate5.png with size 8x8 will have visual artifacts at mip level 4, it can only support level 3. Please report to the mod author that the texture should be some multiple of 16x16.
[10:22:04] [Client thread/WARN]: Texture bibliocraft:textures/models/inkplate4.png with size 8x8 will have visual artifacts at mip level 4, it can only support level 3. Please report to the mod author that the texture should be some multiple of 16x16.
[10:22:04] [Client thread/WARN]: Texture bibliocraft:textures/models/inkplate7.png with size 8x8 will have visual artifacts at mip level 4, it can only support level 3. Please report to the mod author that the texture should be some multiple of 16x16.
[10:22:04] [Client thread/WARN]: Texture bibliocraft:textures/models/inkplate6.png with size 8x8 will have visual artifacts at mip level 4, it can only support level 3. Please report to the mod author that the texture should be some multiple of 16x16.
[10:22:05] [Client thread/WARN]: Texture mekanism:textures/blocks/models/multipart/opaque/UniversalCableVerticalUltimate.png with size 24x24 will have visual artifacts at mip level 4, it can only support level 3. Please report to the mod author that the texture should be some multiple of 16x16.
[10:22:05] [Client thread/WARN]: Texture arsmagica2:textures/items/particles/sparkle.png with size 125x125 will have visual artifacts at mip level 4, it can only support level 0. Please report to the mod author that the texture should be some multiple of 16x16.
[10:22:05] [Client thread/WARN]: Texture immersiveengineering:textures/blocks/metalMultiblock_silo.png with size 88x88 will have visual artifacts at mip level 4, it can only support level 3. Please report to the mod author that the texture should be some multiple of 16x16.
[10:22:06] [Client thread/WARN]: Texture mekanism:textures/blocks/models/multipart/opaque/ThermodynamicConductorVerticalUltimate.png with size 24x24 will have visual artifacts at mip level 4, it can only support level 3. Please report to the mod author that the texture should be some multiple of 16x16.
[10:22:06] [Client thread/WARN]: Texture arsmagica2:textures/gui_icons/Fatigue_Icon.png with size 83x83 will have visual artifacts at mip level 4, it can only support level 0. Please report to the mod author that the texture should be some multiple of 16x16.
[10:22:06] [Client thread/WARN]: Texture arsmagica2:textures/blocks/podium.png with size 18x18 will have visual artifacts at mip level 4, it can only support level 1. Please report to the mod author that the texture should be some multiple of 16x16.
[10:22:06] [Client thread/WARN]: Texture arsmagica2:textures/gui_icons/Fatigue_Bar.png with size 219x219 will have visual artifacts at mip level 4, it can only support level 0. Please report to the mod author that the texture should be some multiple of 16x16.
[10:22:06] [Client thread/WARN]: Texture arsmagica2:textures/items/particles/symbols/Symbols8.png with size 40x40 will have visual artifacts at mip level 4, it can only support level 3. Please report to the mod author that the texture should be some multiple of 16x16.
[10:22:06] [Client thread/WARN]: Texture arsmagica2:textures/items/particles/symbols/Symbols9.png with size 40x40 will have visual artifacts at mip level 4, it can only support level 3. Please report to the mod author that the texture should be some multiple of 16x16.
[10:22:06] [Client thread/WARN]: Texture arsmagica2:textures/items/particles/symbols/Symbols6.png with size 40x40 will have visual artifacts at mip level 4, it can only support level 3. Please report to the mod author that the texture should be some multiple of 16x16.
[10:22:06] [Client thread/WARN]: Texture arsmagica2:textures/items/particles/symbols/Symbols7.png with size 40x40 will have visual artifacts at mip level 4, it can only support level 3. Please report to the mod author that the texture should be some multiple of 16x16.
[10:22:06] [Client thread/WARN]: Texture arsmagica2:textures/items/particles/symbols/Symbols4.png with size 40x40 will have visual artifacts at mip level 4, it can only support level 3. Please report to the mod author that the texture should be some multiple of 16x16.
[10:22:06] [Client thread/WARN]: Texture arsmagica2:textures/items/particles/symbols/Symbols5.png with size 40x40 will have visual artifacts at mip level 4, it can only support level 3. Please report to the mod author that the texture should be some multiple of 16x16.
[10:22:06] [Client thread/WARN]: Texture arsmagica2:textures/items/particles/symbols/Symbols2.png with size 40x40 will have visual artifacts at mip level 4, it can only support level 3. Please report to the mod author that the texture should be some multiple of 16x16.
[10:22:06] [Client thread/WARN]: Texture arsmagica2:textures/items/particles/symbols/Symbols3.png with size 40x40 will have visual artifacts at mip level 4, it can only support level 3. Please report to the mod author that the texture should be some multiple of 16x16.
[10:22:06] [Client thread/WARN]: Texture arsmagica2:textures/items/particles/symbols/Symbols1.png with size 40x40 will have visual artifacts at mip level 4, it can only support level 3. Please report to the mod author that the texture should be some multiple of 16x16.
[10:22:06] [Client thread/WARN]: Texture arsmagica2:textures/gui_icons/Fatigue_Level.png with size 210x210 will have visual artifacts at mip level 4, it can only support level 1. Please report to the mod author that the texture should be some multiple of 16x16.
[10:22:07] [Client thread/WARN]: Texture arsmagica2:textures/gui_icons/Mana_Level.png with size 210x210 will have visual artifacts at mip level 4, it can only support level 1. Please report to the mod author that the texture should be some multiple of 16x16.
[10:22:07] [Client thread/WARN]: Texture mekanism:textures/blocks/models/multipart/opaque/PressurizedTubeVerticalAdvanced.png with size 24x24 will have visual artifacts at mip level 4, it can only support level 3. Please report to the mod author that the texture should be some multiple of 16x16.
[10:22:07] [Client thread/WARN]: Texture arsmagica2:textures/items/particles/clock.png with size 138x138 will have visual artifacts at mip level 4, it can only support level 1. Please report to the mod author that the texture should be some multiple of 16x16.
[10:22:08] [Client thread/WARN]: Texture mekanism:textures/blocks/models/multipart/opaque/UniversalCableVerticalElite.png with size 24x24 will have visual artifacts at mip level 4, it can only support level 3. Please report to the mod author that the texture should be some multiple of 16x16.
[10:22:08] [Client thread/WARN]: Texture mekanism:textures/blocks/models/multipart/opaque/PressurizedTubeVerticalBasic.png with size 24x24 will have visual artifacts at mip level 4, it can only support level 3. Please report to the mod author that the texture should be some multiple of 16x16.
[10:22:08] [Client thread/WARN]: Texture arsmagica2:textures/items/particles/symbols/Symbols10.png with size 40x40 will have visual artifacts at mip level 4, it can only support level 3. Please report to the mod author that the texture should be some multiple of 16x16.
[10:22:08] [Client thread/WARN]: Texture arsmagica2:textures/items/particles/symbols/Symbols12.png with size 40x40 will have visual artifacts at mip level 4, it can only support level 3. Please report to the mod author that the texture should be some multiple of 16x16.
[10:22:08] [Client thread/WARN]: Texture arsmagica2:textures/items/particles/symbols/Symbols11.png with size 40x40 will have visual artifacts at mip level 4, it can only support level 3. Please report to the mod author that the texture should be some multiple of 16x16.
[10:22:08] [Client thread/WARN]: Texture arsmagica2:textures/items/particles/symbols/Symbols14.png with size 40x40 will have visual artifacts at mip level 4, it can only support level 3. Please report to the mod author that the texture should be some multiple of 16x16.
[10:22:08] [Client thread/WARN]: Texture arsmagica2:textures/items/particles/symbols/Symbols13.png with size 40x40 will have visual artifacts at mip level 4, it can only support level 3. Please report to the mod author that the texture should be some multiple of 16x16.
[10:22:08] [Client thread/WARN]: Texture arsmagica2:textures/items/particles/symbols/Symbols16.png with size 40x40 will have visual artifacts at mip level 4, it can only support level 3. Please report to the mod author that the texture should be some multiple of 16x16.
[10:22:08] [Client thread/WARN]: Texture arsmagica2:textures/items/particles/symbols/Symbols15.png with size 40x40 will have visual artifacts at mip level 4, it can only support level 3. Please report to the mod author that the texture should be some multiple of 16x16.
[10:22:08] [Client thread/WARN]: Texture arsmagica2:textures/items/particles/symbols/Symbols18.png with size 40x40 will have visual artifacts at mip level 4, it can only support level 3. Please report to the mod author that the texture should be some multiple of 16x16.
[10:22:08] [Client thread/WARN]: Texture arsmagica2:textures/items/particles/symbols/Symbols17.png with size 40x40 will have visual artifacts at mip level 4, it can only support level 3. Please report to the mod author that the texture should be some multiple of 16x16.
[10:22:08] [Client thread/WARN]: Texture arsmagica2:textures/items/particles/sparkle2.png with size 120x120 will have visual artifacts at mip level 4, it can only support level 3. Please report to the mod author that the texture should be some multiple of 16x16.
[10:22:08] [Client thread/WARN]: Texture arsmagica2:textures/items/particles/symbols/Symbols19.png with size 40x40 will have visual artifacts at mip level 4, it can only support level 3. Please report to the mod author that the texture should be some multiple of 16x16.
[10:22:08] [Client thread/WARN]: Texture arsmagica2:textures/items/particles/symbols/Symbols21.png with size 40x40 will have visual artifacts at mip level 4, it can only support level 3. Please report to the mod author that the texture should be some multiple of 16x16.
[10:22:08] [Client thread/WARN]: Texture arsmagica2:textures/items/particles/symbols/Symbols20.png with size 40x40 will have visual artifacts at mip level 4, it can only support level 3. Please report to the mod author that the texture should be some multiple of 16x16.
[10:22:08] [Client thread/WARN]: Texture arsmagica2:textures/items/particles/symbols/Symbols23.png with size 40x40 will have visual artifacts at mip level 4, it can only support level 3. Please report to the mod author that the texture should be some multiple of 16x16.
[10:22:08] [Client thread/WARN]: Texture arsmagica2:textures/items/particles/symbols/Symbols22.png with size 40x40 will have visual artifacts at mip level 4, it can only support level 3. Please report to the mod author that the texture should be some multiple of 16x16.
[10:22:08] [Client thread/WARN]: Texture arsmagica2:textures/items/particles/symbols/Symbols25.png with size 40x40 will have visual artifacts at mip level 4, it can only support level 3. Please report to the mod author that the texture should be some multiple of 16x16.
[10:22:08] [Client thread/WARN]: Texture arsmagica2:textures/items/particles/symbols/Symbols24.png with size 40x40 will have visual artifacts at mip level 4, it can only support level 3. Please report to the mod author that the texture should be some multiple of 16x16.
[10:22:08] [Client thread/WARN]: Texture arsmagica2:textures/items/particles/symbols/Symbols27.png with size 40x40 will have visual artifacts at mip level 4, it can only support level 3. Please report to the mod author that the texture should be some multiple of 16x16.
[10:22:08] [Client thread/WARN]: Texture arsmagica2:textures/items/particles/symbols/Symbols26.png with size 40x40 will have visual artifacts at mip level 4, it can only support level 3. Please report to the mod author that the texture should be some multiple of 16x16.
[10:22:08] [Client thread/WARN]: Texture arsmagica2:textures/items/particles/symbols/Symbols28.png with size 40x40 will have visual artifacts at mip level 4, it can only support level 3. Please report to the mod author that the texture should be some multiple of 16x16.
[10:22:09] [Client thread/WARN]: Texture arsmagica2:textures/items/particles/ember.png with size 20x20 will have visual artifacts at mip level 4, it can only support level 2. Please report to the mod author that the texture should be some multiple of 16x16.
[10:22:09] [Client thread/WARN]: Texture arsmagica2:textures/items/staff_magitech.png with size 34x34 will have visual artifacts at mip level 4, it can only support level 1. Please report to the mod author that the texture should be some multiple of 16x16.
[10:22:19] [Client thread/INFO]: Created: 4096x4096 textures-atlas
[10:22:27] [Client thread/WARN]: Unable to resolve texture due to upward reference: #side in immersiveengineering:models/block/ieScaffolding
[10:22:27] [Client thread/WARN]: Unable to resolve texture due to upward reference: #side in immersiveengineering:models/block/ieScaffolding
[10:22:27] [Client thread/WARN]: Unable to resolve texture due to upward reference: #side in immersiveengineering:models/block/ieScaffolding
[10:22:28] [Client thread/WARN]: Unable to resolve texture due to upward reference: #side in immersiveengineering:models/block/ieScaffolding
[10:22:28] [Client thread/WARN]: Unable to resolve texture due to upward reference: #side in immersiveengineering:models/block/ieScaffolding
[10:22:28] [Client thread/WARN]: Unable to resolve texture due to upward reference: #side in immersiveengineering:models/block/ieScaffolding
[10:22:28] [Client thread/WARN]: Unable to resolve texture due to upward reference: #side in immersiveengineering:models/block/ieScaffolding
[10:22:28] [Client thread/WARN]: Unable to resolve texture due to upward reference: #side in immersiveengineering:models/block/ieScaffolding
[10:22:28] [Client thread/WARN]: Unable to resolve texture due to upward reference: #side in immersiveengineering:models/block/ieScaffolding
[10:22:28] [Client thread/WARN]: Unable to resolve texture due to upward reference: #side in immersiveengineering:models/block/ieScaffolding
[10:22:28] [Client thread/WARN]: Unable to resolve texture due to upward reference: #side in immersiveengineering:models/block/ieScaffolding
[10:22:29] [Client thread/WARN]: Unable to resolve texture due to upward reference: #side in immersiveengineering:models/block/ieScaffolding
[10:22:29] [Client thread/WARN]: Unable to resolve texture due to upward reference: #1 in cfm:models/block/blinds_closed
[10:22:29] [Client thread/WARN]: Unable to resolve texture due to upward reference: #side in immersiveengineering:models/block/ieScaffolding
[10:22:29] [Client thread/WARN]: Unable to resolve texture due to upward reference: #side in immersiveengineering:models/block/ieScaffolding
[10:22:29] [Client thread/WARN]: Unable to resolve texture due to upward reference: #side in immersiveengineering:models/block/ieScaffolding
[10:22:29] [Client thread/WARN]: Unable to resolve texture due to upward reference: #side in immersiveengineering:models/block/ieScaffolding
[10:22:29] [Client thread/WARN]: Unable to resolve texture due to upward reference: #side in immersiveengineering:models/block/ieScaffolding
[10:22:29] [Client thread/WARN]: Unable to resolve texture due to upward reference: #side in immersiveengineering:models/block/ieScaffolding
[10:22:30] [Client thread/WARN]: Unable to resolve texture due to upward reference: #side in immersiveengineering:models/block/ieScaffolding
[10:22:30] [Client thread/WARN]: Unable to resolve texture due to upward reference: #side in immersiveengineering:models/block/ieScaffolding
[10:22:30] [Client thread/WARN]: Unable to resolve texture due to upward reference: #side in immersiveengineering:models/block/ieScaffolding
[10:22:30] [Client thread/WARN]: Unable to resolve texture due to upward reference: #side in immersiveengineering:models/block/ieScaffolding
[10:22:30] [Client thread/WARN]: Unable to resolve texture due to upward reference: #side in immersiveengineering:models/block/ieScaffolding
[10:22:30] [Client thread/WARN]: Unable to resolve texture due to upward reference: #side in immersiveengineering:models/block/ieScaffolding
[10:22:30] [Client thread/WARN]: Unable to resolve texture due to upward reference: #side in immersiveengineering:models/block/ieScaffolding
[10:22:31] [Client thread/WARN]: Unable to resolve texture due to upward reference: #side in immersiveengineering:models/block/ieScaffolding
[10:22:31] [Client thread/WARN]: Unable to resolve texture due to upward reference: #side in immersiveengineering:models/block/ieScaffolding
[10:22:31] [Client thread/WARN]: Unable to resolve texture due to upward reference: #side in immersiveengineering:models/block/ieScaffolding
[10:22:31] [Client thread/WARN]: Unable to resolve texture due to upward reference: #side in immersiveengineering:models/block/ieScaffolding
[10:22:31] [Client thread/WARN]: Unable to resolve texture due to upward reference: #side in immersiveengineering:models/block/ieScaffolding
[10:22:31] [Client thread/WARN]: Unable to resolve texture due to upward reference: #side in immersiveengineering:models/block/ieScaffolding
[10:22:31] [Client thread/WARN]: Unable to resolve texture due to upward reference: #side in immersiveengineering:models/block/ieScaffolding
[10:22:31] [Client thread/WARN]: Unable to resolve texture due to upward reference: #side in immersiveengineering:models/block/ieScaffolding
[10:22:31] [Client thread/WARN]: Unable to resolve texture due to upward reference: #side in immersiveengineering:models/block/ieScaffolding
[10:22:31] [Client thread/WARN]: Unable to resolve texture due to upward reference: #side in immersiveengineering:models/block/ieScaffolding
[10:22:31] [Client thread/WARN]: Unable to resolve texture due to upward reference: #side in immersiveengineering:models/block/ieScaffolding
[10:22:32] [Client thread/WARN]: Unable to resolve texture due to upward reference: #side in immersiveengineering:models/block/ieScaffolding
[10:22:32] [Client thread/WARN]: Unable to resolve texture due to upward reference: #side in immersiveengineering:models/block/ieScaffolding
[10:22:32] [Client thread/WARN]: Unable to resolve texture due to upward reference: #side in immersiveengineering:models/block/ieScaffolding
[10:22:32] [Client thread/WARN]: Unable to resolve texture due to upward reference: #side in immersiveengineering:models/block/ieScaffolding
[10:22:36] [Client thread/WARN]: Unable to resolve texture due to upward reference: #side in immersiveengineering:models/block/ieScaffolding
[10:22:36] [Client thread/WARN]: Unable to resolve texture due to upward reference: #side in immersiveengineering:models/block/ieScaffolding
[10:22:37] [Client thread/WARN]: Unable to resolve texture due to upward reference: #side in immersiveengineering:models/block/ieScaffolding
[10:22:37] [Client thread/WARN]: Unable to resolve texture due to upward reference: #side in immersiveengineering:models/block/ieScaffolding
[10:22:37] [Client thread/WARN]: Unable to resolve texture due to upward reference: #side in immersiveengineering:models/block/ieScaffolding
[10:22:38] [Client thread/WARN]: Unable to resolve texture due to upward reference: #side in immersiveengineering:models/block/ieScaffolding
[10:22:38] [Client thread/WARN]: Unable to resolve texture due to upward reference: #side in immersiveengineering:models/block/ieScaffolding
[10:22:38] [Client thread/WARN]: Unable to resolve texture due to upward reference: #side in immersiveengineering:models/block/ieScaffolding
[10:22:38] [Client thread/WARN]: Unable to resolve texture due to upward reference: #side in immersiveengineering:models/block/ieScaffolding
[10:22:38] [Client thread/WARN]: Unable to resolve texture due to upward reference: #side in immersiveengineering:models/block/ieScaffolding
[10:22:38] [Client thread/WARN]: Unable to resolve texture due to upward reference: #side in immersiveengineering:models/block/ieScaffolding
[10:22:38] [Client thread/WARN]: Unable to resolve texture due to upward reference: #side in immersiveengineering:models/block/ieScaffolding
[10:22:39] [Client thread/WARN]: Unable to resolve texture due to upward reference: #side in immersiveengineering:models/block/ieScaffolding
[10:22:39] [Client thread/WARN]: Unable to resolve texture due to upward reference: #side in immersiveengineering:models/block/ieScaffolding
[10:22:39] [Client thread/WARN]: Unable to resolve texture due to upward reference: #side in immersiveengineering:models/block/ieScaffolding
[10:22:39] [Client thread/WARN]: Unable to resolve texture due to upward reference: #side in immersiveengineering:models/block/ieScaffolding
[10:22:39] [Client thread/WARN]: Unable to resolve texture due to upward reference: #side in immersiveengineering:models/block/ieScaffolding
[10:22:39] [Client thread/WARN]: Unable to resolve texture due to upward reference: #side in immersiveengineering:models/block/ieScaffolding
[10:22:39] [Client thread/WARN]: Unable to resolve texture due to upward reference: #side in immersiveengineering:models/block/ieScaffolding
[10:22:39] [Client thread/WARN]: Unable to resolve texture due to upward reference: #side in immersiveengineering:models/block/ieScaffolding
[10:22:39] [Client thread/WARN]: Unable to resolve texture due to upward reference: #side in immersiveengineering:models/block/ieScaffolding
[10:22:39] [Client thread/WARN]: Unable to resolve texture due to upward reference: #side in immersiveengineering:models/block/ieScaffolding
[10:22:39] [Client thread/WARN]: Unable to resolve texture due to upward reference: #side in immersiveengineering:models/block/ieScaffolding
[10:22:40] [Client thread/WARN]: Unable to resolve texture due to upward reference: #side in immersiveengineering:models/block/ieScaffolding
[10:22:40] [Client thread/WARN]: Unable to resolve texture due to upward reference: #side in immersiveengineering:models/block/ieScaffolding
[10:22:40] [Client thread/WARN]: Unable to resolve texture due to upward reference: #side in immersiveengineering:models/block/ieScaffolding
[10:22:40] [Client thread/WARN]: Unable to resolve texture due to upward reference: #side in immersiveengineering:models/block/ieScaffolding
[10:22:40] [Client thread/WARN]: Unable to resolve texture due to upward reference: #side in immersiveengineering:models/block/ieScaffolding
[10:22:40] [Client thread/WARN]: Unable to resolve texture due to upward reference: #side in immersiveengineering:models/block/ieScaffolding
[10:22:40] [Client thread/WARN]: Unable to resolve texture due to upward reference: #side in immersiveengineering:models/block/ieScaffolding
[10:22:40] [Client thread/WARN]: Unable to resolve texture due to upward reference: #side in immersiveengineering:models/block/ieScaffolding
[10:22:40] [Client thread/WARN]: Unable to resolve texture due to upward reference: #side in immersiveengineering:models/block/ieScaffolding
[10:22:40] [Client thread/WARN]: Unable to resolve texture due to upward reference: #side in immersiveengineering:models/block/ieScaffolding
[10:22:40] [Client thread/WARN]: Unable to resolve texture due to upward reference: #side in immersiveengineering:models/block/ieScaffolding
[10:22:40] [Client thread/WARN]: Unable to resolve texture due to upward reference: #side in immersiveengineering:models/block/ieScaffolding
[10:22:40] [Client thread/WARN]: Unable to resolve texture due to upward reference: #side in immersiveengineering:models/block/ieScaffolding
[10:22:41] [Client thread/WARN]: Unable to resolve texture due to upward reference: #side in immersiveengineering:models/block/ieScaffolding
[10:22:41] [Client thread/WARN]: Unable to resolve texture due to upward reference: #side in immersiveengineering:models/block/ieScaffolding
[10:22:41] [Client thread/WARN]: Unable to resolve texture due to upward reference: #side in immersiveengineering:models/block/ieScaffolding
[10:22:41] [Client thread/WARN]: Unable to resolve texture due to upward reference: #side in immersiveengineering:models/block/ieScaffolding
[10:22:41] [Client thread/WARN]: Unable to resolve texture due to upward reference: #pane in chisel:models/block/pane/pane_n
[10:22:41] [Client thread/WARN]: Unable to resolve texture due to upward reference: #pane in chisel:models/block/pane/pane_n
[10:22:41] [Client thread/WARN]: Unable to resolve texture due to upward reference: #pane in chisel:models/block/pane/pane_n
[10:22:41] [Client thread/WARN]: Unable to resolve texture due to upward reference: #pane in chisel:models/block/pane/pane_n
[10:22:41] [Client thread/WARN]: Unable to resolve texture due to upward reference: #pane in chisel:models/block/pane/pane_ne
[10:22:41] [Client thread/WARN]: Unable to resolve texture due to upward reference: #pane in chisel:models/block/pane/pane_ne
[10:22:41] [Client thread/WARN]: Unable to resolve texture due to upward reference: #pane in chisel:models/block/pane/pane_ne
[10:22:41] [Client thread/WARN]: Unable to resolve texture due to upward reference: #pane in chisel:models/block/pane/pane_ne
[10:22:41] [Client thread/WARN]: Unable to resolve texture due to upward reference: #pane in chisel:models/block/pane/pane_ns
[10:22:41] [Client thread/WARN]: Unable to resolve texture due to upward reference: #pane in chisel:models/block/pane/pane_ns
[10:22:41] [Client thread/WARN]: Unable to resolve texture due to upward reference: #pane in chisel:models/block/pane/pane_nse
[10:22:41] [Client thread/WARN]: Unable to resolve texture due to upward reference: #pane in chisel:models/block/pane/pane_nse
[10:22:41] [Client thread/WARN]: Unable to resolve texture due to upward reference: #pane in chisel:models/block/pane/pane_nse
[10:22:41] [Client thread/WARN]: Unable to resolve texture due to upward reference: #pane in chisel:models/block/pane/pane_nse
[10:22:41] [Client thread/WARN]: Unable to resolve texture due to upward reference: #side in immersiveengineering:models/block/ieScaffolding
[10:22:41] [Client thread/WARN]: Unable to resolve texture due to upward reference: #side in immersiveengineering:models/block/ieScaffolding
[10:22:41] [Client thread/WARN]: Unable to resolve texture due to upward reference: #side in immersiveengineering:models/block/ieScaffolding
[10:22:41] [Client thread/WARN]: Unable to resolve texture due to upward reference: #side in immersiveengineering:models/block/ieScaffolding
[10:22:41] [Client thread/WARN]: Unable to resolve texture due to upward reference: #side in immersiveengineering:models/block/ieScaffolding
[10:22:41] [Client thread/WARN]: Unable to resolve texture due to upward reference: #side in immersiveengineering:models/block/ieScaffolding
[10:22:41] [Client thread/WARN]: Unable to resolve texture due to upward reference: #side in immersiveengineering:models/block/ieScaffolding
[10:22:41] [Client thread/WARN]: Unable to resolve texture due to upward reference: #side in immersiveengineering:models/block/ieScaffolding
[10:22:41] [Client thread/WARN]: Unable to resolve texture due to upward reference: #side in immersiveengineering:models/block/ieScaffolding
[10:22:42] [Client thread/WARN]: Unable to resolve texture due to upward reference: #side in immersiveengineering:models/block/ieScaffolding
[10:22:44] [Client thread/WARN]: Unable to resolve texture due to upward reference: #side in immersiveengineering:models/block/ieScaffolding
[10:22:44] [Client thread/WARN]: Unable to resolve texture due to upward reference: #side in immersiveengineering:models/block/ieScaffolding
[10:22:44] [Client thread/WARN]: Unable to resolve texture due to upward reference: #side in immersiveengineering:models/block/ieScaffolding
[10:22:45] [Client thread/WARN]: Unable to resolve texture due to upward reference: #side in immersiveengineering:models/block/ieScaffolding
[10:22:45] [Client thread/WARN]: Unable to resolve texture due to upward reference: #side in immersiveengineering:models/block/ieScaffolding
[10:22:45] [Client thread/WARN]: Unable to resolve texture due to upward reference: #side in immersiveengineering:models/block/ieScaffolding
[10:22:53] [Client thread/WARN]: Skipping bad option: lastServer:
[10:23:09] [Client thread/INFO]: Deleting level New World-
[10:23:09] [Client thread/INFO]: Attempt 1...
[10:23:12] [Client thread/INFO]: Deleting level New World
[10:23:12] [Client thread/INFO]: Attempt 1...
[10:23:21] [Server thread/INFO]: Starting integrated minecraft server version 1.10.2
[10:23:21] [Server thread/INFO]: Generating keypair
[10:23:36] [Server thread/WARN]: Couldn't find resource table railcraft:chests/village_workshop
[10:23:37] [Server thread/INFO]: Preparing start region for level 0
[10:23:38] [Server thread/INFO]: Preparing spawn area: 17%
[10:23:39] [Server thread/INFO]: Preparing spawn area: 75%
[10:23:40] [Server thread/INFO]: FTBLib: Server reloaded in 75ms
[10:23:43] [Server thread/INFO]: Changing view distance to 7, from 10
[10:23:43] [Server thread/WARN]: Can't keep up! Did the system time change, or is the server overloaded? Running 2802ms behind, skipping 56 tick(s)
[10:23:43] [Server thread/INFO]: johnfg10[local:E:9dcc277e] logged in with entity id 792 at (-279.2430160463681, 69.16610926093821, 1073.6959868458944)
[10:23:43] [Server thread/INFO]: johnfg10 joined the game
[10:23:48] [Client thread/INFO]: [CHAT] InvTweaks: Configuration loaded.
[10:23:48] [Client thread/INFO]: [CHAT] 1[Mekanism] 7Using developer build 89.2.2
[10:23:51] [Client thread/INFO]: [CHAT] 3AgriCraft has almost been completely rewritten for version 2.0.0!
[10:23:51] [Client thread/INFO]: [CHAT] 3It even involved the creation of a whole new render system!
[10:23:51] [Client thread/INFO]: [CHAT] 3This alpha version helps us test out all that new code.
[10:23:51] [Client thread/INFO]: FTBLib: Client reloaded in 0ms
[10:23:51] [Client thread/INFO]: [CHAT] You haven't joined or created a team yet! [Click Here] to open TeamsGUI or [Click Here] to hide this message.
[10:23:51] [Client thread/INFO]: [CHAT] 6Thank you for downloading MrCrayfish's Furniture Mod
[10:23:51] [Client thread/INFO]: [CHAT] 6-> aCheck out MrCrayfish's YouTube
[10:23:51] [Client thread/INFO]: [CHAT] 6-> ryoutube.com/user/MrCrayfishMinecraft
[10:23:51] [Client thread/INFO]: [CHAT] FTBLib: Client reloaded in 0ms
[10:23:52] [Client thread/INFO]: [CHAT] Version 2.0.0.18 of WR-CBE is available
[10:23:52] [Client thread/INFO]: [CHAT] eJourneyMap:f Press [bJf]
[10:24:13] [Server thread/INFO]: Saving and pausing game...
[10:24:13] [Server thread/INFO]: Saving chunks for level 'New World'/Overworld
[10:24:13] [Server thread/INFO]: Saving chunks for level 'New World'/Nether
[10:24:13] [Server thread/INFO]: Saving chunks for level 'New World'/The End
[10:24:13] [Server thread/INFO]: Saving chunks for level 'New World'/Overworld
[10:24:20] [Server thread/WARN]: Can't keep up! Did the system time change, or is the server overloaded? Running 18198ms behind, skipping 363 tick(s)
[10:24:25] [Server thread/INFO]: Saving and pausing game...
[10:24:25] [Server thread/INFO]: Saving chunks for level 'New World'/Overworld
[10:24:26] [Server thread/INFO]: Saving chunks for level 'New World'/Nether
[10:24:26] [Server thread/INFO]: Saving chunks for level 'New World'/The End
[10:24:26] [Server thread/INFO]: Saving chunks for level 'New World'/Overworld
[10:24:32] [Server thread/INFO]: Changing view distance to 6, from 7
[10:24:39] [Server thread/INFO]: Saving and pausing game...
[10:24:39] [Server thread/INFO]: Saving chunks for level 'New World'/Overworld
[10:24:39] [Server thread/INFO]: Saving chunks for level 'New World'/Nether
[10:24:39] [Server thread/INFO]: Saving chunks for level 'New World'/The End
[10:24:39] [Server thread/INFO]: Saving chunks for level 'New World'/Overworld
[10:24:44] [Server thread/INFO]: Changing difficulty to PEACEFUL, from NORMAL
[10:24:49] [Server thread/INFO]: Saving and pausing game...
[10:24:49] [Server thread/INFO]: Saving chunks for level 'New World'/Overworld
[10:24:49] [Server thread/INFO]: Saving chunks for level 'New World'/Nether
[10:24:49] [Server thread/INFO]: Saving chunks for level 'New World'/The End
[10:24:49] [Server thread/INFO]: Saving chunks for level 'New World'/Overworld
[10:25:38] [Client thread/INFO]: [CHAT] Dim -343800852 : Mean tick time: 0.164 ms. Mean TPS: 20.000
[10:25:38] [Client thread/INFO]: [CHAT] Dim -1 : Mean tick time: 0.044 ms. Mean TPS: 20.000
[10:25:38] [Client thread/INFO]: [CHAT] Dim 1 : Mean tick time: 0.047 ms. Mean TPS: 20.000
[10:25:38] [Client thread/INFO]: [CHAT] Dim 0 : Mean tick time: 6.339 ms. Mean TPS: 20.000
[10:25:38] [Client thread/INFO]: [CHAT] Overall : Mean tick time: 7.098 ms. Mean TPS: 20.000
[10:27:00] [Server thread/WARN]: Can't keep up! Did the system time change, or is the server overloaded? Running 2535ms behind, skipping 50 tick(s)
[10:27:40] [Server thread/INFO]: Saving and pausing game...
[10:27:40] [Server thread/INFO]: Saving chunks for level 'New World'/Overworld
[10:27:40] [Server thread/INFO]: Saving chunks for level 'New World'/Nether
[10:27:40] [Server thread/INFO]: Saving chunks for level 'New World'/The End
[10:27:40] [Server thread/INFO]: Saving chunks for level 'New World'/Overworld
[10:27:44] [Server thread/INFO]: Changing view distance to 12, from 6
[10:27:48] [Server thread/WARN]: Skipping BlockEntity with id minecraft:furnace
[10:27:48] [Server thread/WARN]: Skipping BlockEntity with id minecraft:sign
[10:27:48] [Server thread/WARN]: Skipping BlockEntity with id minecraft:furnace
[10:27:48] [Server thread/WARN]: Skipping BlockEntity with id minecraft:flower_pot
[10:27:48] [Server thread/WARN]: Skipping BlockEntity with id minecraft:chest
[10:27:48] [Server thread/WARN]: Skipping BlockEntity with id minecraft:sign
[10:27:48] [Server thread/WARN]: Skipping BlockEntity with id minecraft:chest
[10:27:48] [Server thread/WARN]: Skipping BlockEntity with id minecraft:chest
[10:27:48] [Server thread/WARN]: Skipping BlockEntity with id minecraft:furnace
[10:27:48] [Server thread/WARN]: Skipping BlockEntity with id minecraft:sign
[10:27:48] [Server thread/WARN]: Skipping BlockEntity with id minecraft:flower_pot
[10:27:48] [Server thread/WARN]: Skipping BlockEntity with id minecraft:furnace
[10:27:48] [Server thread/WARN]: Skipping BlockEntity with id minecraft:sign
[10:27:48] [Server thread/WARN]: Skipping BlockEntity with id minecraft:furnace
[10:27:48] [Server thread/WARN]: Skipping BlockEntity with id minecraft:flower_pot
[10:27:48] [Server thread/WARN]: Skipping BlockEntity with id minecraft:chest
[10:27:48] [Server thread/WARN]: Skipping BlockEntity with id minecraft:sign
[10:27:48] [Server thread/WARN]: Skipping BlockEntity with id minecraft:chest
[10:27:48] [Server thread/WARN]: Skipping BlockEntity with id minecraft:chest
[10:27:48] [Server thread/WARN]: Skipping BlockEntity with id minecraft:furnace
[10:27:48] [Server thread/WARN]: Skipping BlockEntity with id minecraft:sign
[10:27:48] [Server thread/WARN]: Skipping BlockEntity with id minecraft:flower_pot
[10:27:48] [Server thread/WARN]: Skipping BlockEntity with id minecraft:furnace
[10:27:48] [Server thread/WARN]: Skipping BlockEntity with id minecraft:sign
[10:27:48] [Server thread/WARN]: Skipping BlockEntity with id minecraft:furnace
[10:27:48] [Server thread/WARN]: Skipping BlockEntity with id minecraft:flower_pot
[10:27:48] [Server thread/WARN]: Skipping BlockEntity with id minecraft:chest
[10:27:48] [Server thread/WARN]: Skipping BlockEntity with id minecraft:sign
[10:27:48] [Server thread/WARN]: Skipping BlockEntity with id minecraft:chest
[10:27:48] [Server thread/WARN]: Skipping BlockEntity with id minecraft:chest
[10:27:48] [Server thread/WARN]: Skipping BlockEntity with id minecraft:furnace
[10:27:48] [Server thread/WARN]: Skipping BlockEntity with id minecraft:sign
[10:27:48] [Server thread/WARN]: Skipping BlockEntity with id minecraft:flower_pot
[10:27:48] [Server thread/WARN]: Skipping BlockEntity with id minecraft:furnace
[10:27:48] [Server thread/WARN]: Skipping BlockEntity with id minecraft:sign
[10:27:48] [Server thread/WARN]: Skipping BlockEntity with id minecraft:furnace
[10:27:48] [Server thread/WARN]: Skipping BlockEntity with id minecraft:flower_pot
[10:27:48] [Server thread/WARN]: Skipping BlockEntity with id minecraft:chest
[10:27:48] [Server thread/WARN]: Skipping BlockEntity with id minecraft:sign
[10:27:48] [Server thread/WARN]: Skipping BlockEntity with id minecraft:chest
[10:27:48] [Server thread/WARN]: Skipping BlockEntity with id minecraft:chest
[10:27:48] [Server thread/WARN]: Skipping BlockEntity with id minecraft:furnace
[10:27:48] [Server thread/WARN]: Skipping BlockEntity with id minecraft:sign
[10:27:48] [Server thread/WARN]: Skipping BlockEntity with id minecraft:flower_pot
[10:27:48] [Server thread/WARN]: Skipping BlockEntity with id minecraft:furnace
[10:27:48] [Server thread/WARN]: Skipping BlockEntity with id minecraft:sign
[10:27:48] [Server thread/WARN]: Skipping BlockEntity with id minecraft:furnace
[10:27:48] [Server thread/WARN]: Skipping BlockEntity with id minecraft:flower_pot
[10:27:48] [Server thread/WARN]: Skipping BlockEntity with id minecraft:chest
[10:27:48] [Server thread/WARN]: Skipping BlockEntity with id minecraft:sign
[10:27:48] [Server thread/WARN]: Skipping BlockEntity with id minecraft:chest
[10:27:48] [Server thread/WARN]: Skipping BlockEntity with id minecraft:chest
[10:27:48] [Server thread/WARN]: Skipping BlockEntity with id minecraft:furnace
[10:27:48] [Server thread/WARN]: Skipping BlockEntity with id minecraft:sign
[10:27:48] [Server thread/WARN]: Skipping BlockEntity with id minecraft:flower_pot
[10:27:48] [Server thread/WARN]: Skipping BlockEntity with id minecraft:furnace
[10:27:48] [Server thread/WARN]: Skipping BlockEntity with id minecraft:sign
[10:27:48] [Server thread/WARN]: Skipping BlockEntity with id minecraft:furnace
[10:27:48] [Server thread/WARN]: Skipping BlockEntity with id minecraft:flower_pot
[10:27:48] [Server thread/WARN]: Skipping BlockEntity with id minecraft:chest
[10:27:48] [Server thread/WARN]: Skipping BlockEntity with id minecraft:sign
[10:27:48] [Server thread/WARN]: Skipping BlockEntity with id minecraft:chest
[10:27:48] [Server thread/WARN]: Skipping BlockEntity with id minecraft:chest
[10:27:48] [Server thread/WARN]: Skipping BlockEntity with id minecraft:furnace
[10:27:48] [Server thread/WARN]: Skipping BlockEntity with id minecraft:sign
[10:27:48] [Server thread/WARN]: Skipping BlockEntity with id minecraft:flower_pot
[10:27:49] [Server thread/WARN]: Skipping BlockEntity with id minecraft:furnace
[10:27:49] [Server thread/WARN]: Skipping BlockEntity with id minecraft:sign
[10:27:49] [Server thread/WARN]: Skipping BlockEntity with id minecraft:furnace
[10:27:49] [Server thread/WARN]: Skipping BlockEntity with id minecraft:flower_pot
[10:27:49] [Server thread/WARN]: Skipping BlockEntity with id minecraft:chest
[10:27:49] [Server thread/WARN]: Skipping BlockEntity with id minecraft:sign
[10:27:49] [Server thread/WARN]: Skipping BlockEntity with id minecraft:chest
[10:27:49] [Server thread/WARN]: Skipping BlockEntity with id minecraft:chest
[10:27:49] [Server thread/WARN]: Skipping BlockEntity with id minecraft:furnace
[10:27:49] [Server thread/WARN]: Skipping BlockEntity with id minecraft:sign
[10:27:49] [Server thread/WARN]: Skipping BlockEntity with id minecraft:flower_pot
[10:27:49] [Server thread/WARN]: Skipping BlockEntity with id minecraft:furnace
[10:27:49] [Server thread/WARN]: Skipping BlockEntity with id minecraft:sign
[10:27:49] [Server thread/WARN]: Skipping BlockEntity with id minecraft:furnace
[10:27:49] [Server thread/WARN]: Skipping BlockEntity with id minecraft:flower_pot
[10:27:49] [Server thread/WARN]: Skipping BlockEntity with id minecraft:chest
[10:27:49] [Server thread/WARN]: Skipping BlockEntity with id minecraft:sign
[10:27:49] [Server thread/WARN]: Skipping BlockEntity with id minecraft:chest
[10:27:49] [Server thread/WARN]: Skipping BlockEntity with id minecraft:chest
[10:27:49] [Server thread/WARN]: Skipping BlockEntity with id minecraft:furnace
[10:27:49] [Server thread/WARN]: Skipping BlockEntity with id minecraft:sign
[10:27:49] [Server thread/WARN]: Skipping BlockEntity with id minecraft:flower_pot
[10:27:49] [Server thread/WARN]: Skipping BlockEntity with id minecraft:furnace
[10:27:49] [Server thread/WARN]: Skipping BlockEntity with id minecraft:sign
[10:27:49] [Server thread/WARN]: Skipping BlockEntity with id minecraft:furnace
[10:27:49] [Server thread/WARN]: Skipping BlockEntity with id minecraft:flower_pot
[10:27:49] [Server thread/WARN]: Skipping BlockEntity with id minecraft:chest
[10:27:49] [Server thread/WARN]: Skipping BlockEntity with id minecraft:sign
[10:27:49] [Server thread/WARN]: Skipping BlockEntity with id minecraft:chest
[10:27:49] [Server thread/WARN]: Skipping BlockEntity with id minecraft:chest
[10:27:49] [Server thread/WARN]: Skipping BlockEntity with id minecraft:furnace
[10:27:49] [Server thread/WARN]: Skipping BlockEntity with id minecraft:sign
[10:27:49] [Server thread/WARN]: Skipping BlockEntity with id minecraft:flower_pot
[10:27:49] [Server thread/WARN]: Skipping Entity with id minecraft:sheep
[10:27:51] [Server thread/WARN]: Skipping BlockEntity with id minecraft:furnace
[10:27:51] [Server thread/WARN]: Skipping BlockEntity with id minecraft:sign
[10:27:51] [Server thread/WARN]: Skipping BlockEntity with id minecraft:furnace
[10:27:51] [Server thread/WARN]: Skipping BlockEntity with id minecraft:flower_pot
[10:27:51] [Server thread/WARN]: Skipping BlockEntity with id minecraft:chest
[10:27:51] [Server thread/WARN]: Skipping BlockEntity with id minecraft:sign
[10:27:51] [Server thread/WARN]: Skipping BlockEntity with id minecraft:chest
[10:27:51] [Server thread/WARN]: Skipping BlockEntity with id minecraft:chest
[10:27:51] [Server thread/WARN]: Skipping BlockEntity with id minecraft:furnace
[10:27:51] [Server thread/WARN]: Skipping BlockEntity with id minecraft:sign
[10:27:51] [Server thread/WARN]: Skipping BlockEntity with id minecraft:flower_pot
[10:27:51] [Server thread/WARN]: Skipping BlockEntity with id minecraft:furnace
[10:27:51] [Server thread/WARN]: Skipping BlockEntity with id minecraft:sign
[10:27:51] [Server thread/WARN]: Skipping BlockEntity with id minecraft:furnace
[10:27:51] [Server thread/WARN]: Skipping BlockEntity with id minecraft:flower_pot
[10:27:51] [Server thread/WARN]: Skipping BlockEntity with id minecraft:chest
[10:27:51] [Server thread/WARN]: Skipping BlockEntity with id minecraft:sign
[10:27:51] [Server thread/WARN]: Skipping BlockEntity with id minecraft:chest
[10:27:51] [Server thread/WARN]: Skipping BlockEntity with id minecraft:chest
[10:27:51] [Server thread/WARN]: Skipping BlockEntity with id minecraft:furnace
[10:27:51] [Server thread/WARN]: Skipping BlockEntity with id minecraft:sign
[10:27:51] [Server thread/WARN]: Skipping BlockEntity with id minecraft:flower_pot
[10:27:51] [Server thread/WARN]: Skipping BlockEntity with id minecraft:furnace
[10:27:51] [Server thread/WARN]: Skipping BlockEntity with id minecraft:sign
[10:27:51] [Server thread/WARN]: Skipping BlockEntity with id minecraft:furnace
[10:27:51] [Server thread/WARN]: Skipping BlockEntity with id minecraft:flower_pot
[10:27:51] [Server thread/WARN]: Skipping BlockEntity with id minecraft:chest
[10:27:51] [Server thread/WARN]: Skipping BlockEntity with id minecraft:sign
[10:27:51] [Server thread/WARN]: Skipping BlockEntity with id minecraft:chest
[10:27:51] [Server thread/WARN]: Skipping BlockEntity with id minecraft:chest
[10:27:51] [Server thread/WARN]: Skipping BlockEntity with id minecraft:furnace
[10:27:51] [Server thread/WARN]: Skipping BlockEntity with id minecraft:sign
[10:27:51] [Server thread/WARN]: Skipping BlockEntity with id minecraft:flower_pot
[10:27:55] [Server thread/INFO]: Saving and pausing game...
[10:27:55] [Server thread/INFO]: Saving chunks for level 'New World'/Overworld
[10:27:57] [Server thread/INFO]: Saving chunks for level 'New World'/Nether
[10:27:57] [Server thread/INFO]: Saving chunks for level 'New World'/The End
[10:27:57] [Server thread/INFO]: Saving chunks for level 'New World'/Overworld
[10:27:57] [Server thread/WARN]: Can't keep up! Did the system time change, or is the server overloaded? Running 12494ms behind, skipping 249 tick(s)
[10:29:42] [Client thread/INFO]: Warning: Clientside chunk ticking took 145 ms
[10:29:44] [Server thread/WARN]: Can't keep up! Did the system time change, or is the server overloaded? Running 88018ms behind, skipping 1760 tick(s)
[10:31:35] [Server thread/INFO]: Saving and pausing game...
[10:31:35] [Server thread/INFO]: Saving chunks for level 'New World'/Overworld
[10:31:35] [Server thread/INFO]: Saving chunks for level 'New World'/Nether
[10:31:35] [Server thread/INFO]: Saving chunks for level 'New World'/The End
[10:31:35] [Server thread/INFO]: Saving chunks for level 'New World'/Overworld
[10:32:33] [Server thread/WARN]: Skipping BlockEntity with id minecraft:furnace
[10:32:33] [Server thread/WARN]: Skipping BlockEntity with id minecraft:sign
[10:32:33] [Server thread/WARN]: Skipping BlockEntity with id minecraft:furnace
[10:32:33] [Server thread/WARN]: Skipping BlockEntity with id minecraft:flower_pot
[10:32:33] [Server thread/WARN]: Skipping BlockEntity with id minecraft:chest
[10:32:33] [Server thread/WARN]: Skipping BlockEntity with id minecraft:sign
[10:32:33] [Server thread/WARN]: Skipping BlockEntity with id minecraft:chest
[10:32:33] [Server thread/WARN]: Skipping BlockEntity with id minecraft:chest
[10:32:33] [Server thread/WARN]: Skipping BlockEntity with id minecraft:furnace
[10:32:33] [Server thread/WARN]: Skipping BlockEntity with id minecraft:sign
[10:32:33] [Server thread/WARN]: Skipping BlockEntity with id minecraft:flower_pot
[10:32:33] [Server thread/WARN]: Skipping BlockEntity with id minecraft:furnace
[10:32:33] [Server thread/WARN]: Skipping BlockEntity with id minecraft:sign
[10:32:33] [Server thread/WARN]: Skipping BlockEntity with id minecraft:furnace
[10:32:33] [Server thread/WARN]: Skipping BlockEntity with id minecraft:flower_pot
[10:32:33] [Server thread/WARN]: Skipping BlockEntity with id minecraft:chest
[10:32:33] [Server thread/WARN]: Skipping BlockEntity with id minecraft:sign
[10:32:33] [Server thread/WARN]: Skipping BlockEntity with id minecraft:chest
[10:32:33] [Server thread/WARN]: Skipping BlockEntity with id minecraft:chest
[10:32:33] [Server thread/WARN]: Skipping BlockEntity with id minecraft:furnace
[10:32:33] [Server thread/WARN]: Skipping BlockEntity with id minecraft:sign
[10:32:33] [Server thread/WARN]: Skipping BlockEntity with id minecraft:flower_pot
[10:32:33] [Server thread/WARN]: Skipping BlockEntity with id minecraft:furnace
[10:32:33] [Server thread/WARN]: Skipping BlockEntity with id minecraft:sign
[10:32:33] [Server thread/WARN]: Skipping BlockEntity with id minecraft:furnace
[10:32:33] [Server thread/WARN]: Skipping BlockEntity with id minecraft:flower_pot
[10:32:33] [Server thread/WARN]: Skipping BlockEntity with id minecraft:chest
[10:32:33] [Server thread/WARN]: Skipping BlockEntity with id minecraft:sign
[10:32:33] [Server thread/WARN]: Skipping BlockEntity with id minecraft:chest
[10:32:33] [Server thread/WARN]: Skipping BlockEntity with id minecraft:chest
[10:32:33] [Server thread/WARN]: Skipping BlockEntity with id minecraft:furnace
[10:32:33] [Server thread/WARN]: Skipping BlockEntity with id minecraft:sign
[10:32:33] [Server thread/WARN]: Skipping BlockEntity with id minecraft:flower_pot
[10:32:33] [Server thread/WARN]: Skipping Entity with id minecraft:sheep
[10:32:33] [Server thread/WARN]: Skipping BlockEntity with id minecraft:furnace
[10:32:33] [Server thread/WARN]: Skipping BlockEntity with id minecraft:sign
[10:32:33] [Server thread/WARN]: Skipping BlockEntity with id minecraft:furnace
[10:32:33] [Server thread/WARN]: Skipping BlockEntity with id minecraft:flower_pot
[10:32:33] [Server thread/WARN]: Skipping BlockEntity with id minecraft:chest
[10:32:33] [Server thread/WARN]: Skipping BlockEntity with id minecraft:sign
[10:32:33] [Server thread/WARN]: Skipping BlockEntity with id minecraft:chest
[10:32:33] [Server thread/WARN]: Skipping BlockEntity with id minecraft:chest
[10:32:33] [Server thread/WARN]: Skipping BlockEntity with id minecraft:furnace
[10:32:33] [Server thread/WARN]: Skipping BlockEntity with id minecraft:sign
[10:32:33] [Server thread/WARN]: Skipping BlockEntity with id minecraft:flower_pot
[10:32:33] [Server thread/WARN]: Skipping BlockEntity with id minecraft:furnace
[10:32:33] [Server thread/WARN]: Skipping BlockEntity with id minecraft:sign
[10:32:33] [Server thread/WARN]: Skipping BlockEntity with id minecraft:furnace
[10:32:33] [Server thread/WARN]: Skipping BlockEntity with id minecraft:flower_pot
[10:32:33] [Server thread/WARN]: Skipping BlockEntity with id minecraft:chest
[10:32:33] [Server thread/WARN]: Skipping BlockEntity with id minecraft:sign
[10:32:33] [Server thread/WARN]: Skipping BlockEntity with id minecraft:chest
[10:32:33] [Server thread/WARN]: Skipping BlockEntity with id minecraft:chest
[10:32:33] [Server thread/WARN]: Skipping BlockEntity with id minecraft:furnace
[10:32:33] [Server thread/WARN]: Skipping BlockEntity with id minecraft:sign
[10:32:33] [Server thread/WARN]: Skipping BlockEntity with id minecraft:flower_pot
[10:32:33] [Server thread/WARN]: Skipping BlockEntity with id minecraft:furnace
[10:32:33] [Server thread/WARN]: Skipping BlockEntity with id minecraft:sign
[10:32:33] [Server thread/WARN]: Skipping BlockEntity with id minecraft:furnace
[10:32:33] [Server thread/WARN]: Skipping BlockEntity with id minecraft:flower_pot
[10:32:33] [Server thread/WARN]: Skipping BlockEntity with id minecraft:chest
[10:32:33] [Server thread/WARN]: Skipping BlockEntity with id minecraft:sign
[10:32:33] [Server thread/WARN]: Skipping BlockEntity with id minecraft:chest
[10:32:33] [Server thread/WARN]: Skipping BlockEntity with id minecraft:chest
[10:32:33] [Server thread/WARN]: Skipping BlockEntity with id minecraft:furnace
[10:32:33] [Server thread/WARN]: Skipping BlockEntity with id minecraft:sign
[10:32:33] [Server thread/WARN]: Skipping BlockEntity with id minecraft:flower_pot
[10:32:34] [Server thread/WARN]: Skipping BlockEntity with id minecraft:chest
[10:32:34] [Server thread/WARN]: Skipping BlockEntity with id minecraft:chest
[10:32:34] [Server thread/WARN]: Skipping BlockEntity with id minecraft:chest
[10:32:34] [Server thread/WARN]: Skipping BlockEntity with id minecraft:enchanting_table
[10:32:34] [Server thread/WARN]: Skipping BlockEntity with id minecraft:chest
[10:32:34] [Server thread/WARN]: Skipping BlockEntity with id minecraft:chest
[10:32:34] [Server thread/WARN]: Skipping BlockEntity with id minecraft:chest
[10:32:34] [Server thread/WARN]: Skipping BlockEntity with id minecraft:chest
[10:32:34] [Server thread/WARN]: Skipping BlockEntity with id minecraft:chest
[10:32:34] [Server thread/WARN]: Skipping BlockEntity with id minecraft:chest
[10:32:34] [Server thread/WARN]: Skipping BlockEntity with id minecraft:enchanting_table
[10:32:34] [Server thread/WARN]: Skipping BlockEntity with id minecraft:chest
[10:32:34] [Server thread/WARN]: Skipping BlockEntity with id minecraft:chest
[10:32:34] [Server thread/WARN]: Skipping BlockEntity with id minecraft:chest
[10:32:34] [Server thread/WARN]: Skipping BlockEntity with id minecraft:chest
[10:32:34] [Server thread/WARN]: Skipping BlockEntity with id minecraft:chest
[10:32:34] [Server thread/WARN]: Skipping BlockEntity with id minecraft:chest
[10:32:34] [Server thread/WARN]: Skipping BlockEntity with id minecraft:enchanting_table
[10:32:34] [Server thread/WARN]: Skipping BlockEntity with id minecraft:chest
[10:32:34] [Server thread/WARN]: Skipping BlockEntity with id minecraft:chest
[10:32:34] [Server thread/WARN]: Skipping BlockEntity with id minecraft:chest
[10:32:34] [Server thread/WARN]: Skipping BlockEntity with id minecraft:chest
[10:32:34] [Server thread/WARN]: Skipping BlockEntity with id minecraft:chest
[10:32:34] [Server thread/WARN]: Skipping BlockEntity with id minecraft:chest
[10:32:34] [Server thread/WARN]: Skipping BlockEntity with id minecraft:enchanting_table
[10:32:34] [Server thread/WARN]: Skipping BlockEntity with id minecraft:chest
[10:32:34] [Server thread/WARN]: Skipping BlockEntity with id minecraft:chest
[10:32:34] [Server thread/WARN]: Skipping BlockEntity with id minecraft:chest
[10:32:34] [Server thread/WARN]: Skipping BlockEntity with id minecraft:chest
[10:32:34] [Server thread/WARN]: Skipping BlockEntity with id minecraft:chest
[10:32:34] [Server thread/WARN]: Skipping BlockEntity with id minecraft:chest
[10:32:34] [Server thread/WARN]: Skipping BlockEntity with id minecraft:enchanting_table
[10:32:34] [Server thread/WARN]: Skipping BlockEntity with id minecraft:chest
[10:32:34] [Server thread/WARN]: Skipping BlockEntity with id minecraft:chest
[10:32:34] [Server thread/WARN]: Skipping BlockEntity with id minecraft:chest
[10:32:34] [Server thread/WARN]: Skipping BlockEntity with id minecraft:chest
[10:32:34] [Server thread/WARN]: Skipping BlockEntity with id minecraft:chest
[10:32:34] [Server thread/WARN]: Skipping BlockEntity with id minecraft:chest
[10:32:34] [Server thread/WARN]: Skipping BlockEntity with id minecraft:enchanting_table
[10:32:34] [Server thread/WARN]: Skipping BlockEntity with id minecraft:chest
[10:32:34] [Server thread/WARN]: Skipping BlockEntity with id minecraft:chest
[10:32:34] [Server thread/WARN]: Skipping BlockEntity with id minecraft:chest
[10:32:36] [Server thread/WARN]: Skipping Entity with id minecraft:item
[10:32:36] [Server thread/WARN]: Skipping Entity with id minecraft:item
[10:32:36] [Server thread/WARN]: Skipping BlockEntity with id minecraft:chest
[10:32:36] [Server thread/WARN]: Skipping BlockEntity with id minecraft:chest
[10:32:36] [Server thread/WARN]: Skipping BlockEntity with id minecraft:chest
[10:32:36] [Server thread/WARN]: Skipping BlockEntity with id minecraft:enchanting_table
[10:32:36] [Server thread/WARN]: Skipping BlockEntity with id minecraft:chest
[10:32:36] [Server thread/WARN]: Skipping BlockEntity with id minecraft:chest
[10:32:36] [Server thread/WARN]: Skipping BlockEntity with id minecraft:chest
[10:32:36] [Server thread/WARN]: Skipping BlockEntity with id minecraft:chest
[10:32:36] [Server thread/WARN]: Skipping BlockEntity with id minecraft:chest
[10:32:36] [Server thread/WARN]: Skipping BlockEntity with id minecraft:chest
[10:32:36] [Server thread/WARN]: Skipping BlockEntity with id minecraft:enchanting_table
[10:32:36] [Server thread/WARN]: Skipping BlockEntity with id minecraft:chest
[10:32:36] [Server thread/WARN]: Skipping BlockEntity with id minecraft:chest
[10:32:36] [Server thread/WARN]: Skipping BlockEntity with id minecraft:chest
[10:32:36] [Server thread/WARN]: Skipping Entity with id minecraft:item
[10:32:38] [Server thread/WARN]: Can't keep up! Did the system time change, or is the server overloaded? Running 6261ms behind, skipping 125 tick(s)
[10:33:17] [Server thread/WARN]: Can't keep up! Did the system time change, or is the server overloaded? Running 14271ms behind, skipping 285 tick(s)
[10:33:37] [Server thread/WARN]: Can't keep up! Did the system time change, or is the server overloaded? Running 5767ms behind, skipping 115 tick(s)
[10:34:03] [Server thread/WARN]: Can't keep up! Did the system time change, or is the server overloaded? Running 2204ms behind, skipping 44 tick(s)
[10:34:44] [Server thread/WARN]: Can't keep up! Did the system time change, or is the server overloaded? Running 16801ms behind, skipping 336 tick(s)
[10:34:49] [Server thread/WARN]: Can't keep up! Did the system time change, or is the server overloaded? Running 4926ms behind, skipping 98 tick(s)
[10:35:23] [Server thread/WARN]: Can't keep up! Did the system time change, or is the server overloaded? Running 4534ms behind, skipping 90 tick(s)
[10:35:39] [Server thread/WARN]: Can't keep up! Did the system time change, or is the server overloaded? Running 3666ms behind, skipping 73 tick(s)
[10:35:57] [Server thread/WARN]: Can't keep up! Did the system time change, or is the server overloaded? Running 2101ms behind, skipping 42 tick(s)
[10:38:18] [Server thread/WARN]: Can't keep up! Did the system time change, or is the server overloaded? Running 3555ms behind, skipping 71 tick(s)
[10:38:36] [Server thread/WARN]: Can't keep up! Did the system time change, or is the server overloaded? Running 2369ms behind, skipping 47 tick(s)
[10:40:07] [Client thread/INFO]: Stopping!
